<?xml version="1.0" encoding="UTF-8"?>
<!-- Generated by org.testng.reporters.JUnitReportReporter -->
<testsuite skipped="0" hostname="FG2000122000" name="com.qa.api.gorest.tests.GetImgurAPITest2" tests="3" failures="0" timestamp="27 Nov 2020 16:28:31 GMT" time="8.947" errors="0">
  <testcase name="getAccountBlockStatusTest" time="2.620" classname="com.qa.api.gorest.tests.GetImgurAPITest2"/>
  <testcase name="uploadImagePostAPITest" time="3.989" classname="com.qa.api.gorest.tests.GetImgurAPITest2"/>
  <testcase name="getAccountImageTest" time="2.338" classname="com.qa.api.gorest.tests.GetImgurAPITest2"/>
</testsuite> <!-- com.qa.api.gorest.tests.GetImgurAPITest2 -->
