<?xml version="1.0" encoding="UTF-8"?>
<!-- Generated by org.testng.reporters.JUnitReportReporter -->
<testsuite skipped="0" hostname="FG2000122000" name="com.qa.api.gorest.tests.GetUserTest" tests="2" failures="0" timestamp="27 Nov 2020 16:28:31 GMT" time="1.127" errors="0">
  <testcase name="getUserListApiTest" time="0.465" classname="com.qa.api.gorest.tests.GetUserTest"/>
  <testcase name="getUserWithQueryParamsApiTest" time="0.662" classname="com.qa.api.gorest.tests.GetUserTest"/>
</testsuite> <!-- com.qa.api.gorest.tests.GetUserTest -->
