<?xml version="1.0" encoding="UTF-8"?>
<!-- Generated by org.testng.reporters.JUnitReportReporter -->
<testsuite skipped="0" hostname="FG2000122000" name="com.qa.api.gorest.util.Token" tests="1" failures="0" timestamp="28 Oct 2020 12:42:49 GMT" time="3.135" errors="0">
  <testcase name="getAccessToken" time="3.135" classname="com.qa.api.gorest.util.Token"/>
</testsuite> <!-- com.qa.api.gorest.util.Token -->
