<?xml version="1.0" encoding="UTF-8"?>
<!-- Generated by org.testng.reporters.JUnitReportReporter -->
<testsuite skipped="0" hostname="FG2000122000" name="com.qa.api.gorest.tests.DeleteUserTest" tests="1" failures="0" timestamp="27 Nov 2020 16:28:31 GMT" time="0.773" errors="0">
  <testcase name="deleteUserTest" time="0.773" classname="com.qa.api.gorest.tests.DeleteUserTest"/>
</testsuite> <!-- com.qa.api.gorest.tests.DeleteUserTest -->
