<?xml version="1.0" encoding="UTF-8"?>
<!-- Generated by org.testng.reporters.JUnitReportReporter -->
<testsuite skipped="0" hostname="DESKTOP-P8RTCON" name="com.qa.api.gorest.tests.GetImgurAPITest2" tests="3" failures="0" timestamp="15 Dec 2020 13:31:49 GMT" time="11.150" errors="0">
  <testcase name="getAccountImageTest" time="1.968" classname="com.qa.api.gorest.tests.GetImgurAPITest2"/>
  <testcase name="getAccountBlockStatusTest" time="1.895" classname="com.qa.api.gorest.tests.GetImgurAPITest2"/>
  <testcase name="uploadImagePostAPITest" time="7.287" classname="com.qa.api.gorest.tests.GetImgurAPITest2"/>
</testsuite> <!-- com.qa.api.gorest.tests.GetImgurAPITest2 -->
