<?xml version="1.0" encoding="UTF-8"?>
<!-- Generated by org.testng.reporters.JUnitReportReporter -->
<testsuite skipped="0" hostname="DESKTOP-P8RTCON" name="com.qa.api.gorest.tests.UpdateUserTest" tests="1" failures="0" timestamp="15 Dec 2020 13:31:49 GMT" time="1.789" errors="0">
  <testcase name="updateUserAPIPOSTTest_withSetter" time="1.789" classname="com.qa.api.gorest.tests.UpdateUserTest"/>
</testsuite> <!-- com.qa.api.gorest.tests.UpdateUserTest -->
