<?xml version="1.0" encoding="UTF-8"?>
<!-- Generated by org.testng.reporters.JUnitReportReporter -->
<testsuite skipped="0" hostname="DESKTOP-P8RTCON" name="com.qa.api.gorest.tests.GetImgurAPITest" tests="3" failures="0" timestamp="15 Dec 2020 13:31:49 GMT" time="13.532" errors="0">
  <testcase name="uploadImagePostAPITest" time="8.414" classname="com.qa.api.gorest.tests.GetImgurAPITest"/>
  <testcase name="getAccountBlockStatusTest" time="2.673" classname="com.qa.api.gorest.tests.GetImgurAPITest"/>
  <testcase name="getAccountImageTest" time="2.445" classname="com.qa.api.gorest.tests.GetImgurAPITest"/>
</testsuite> <!-- com.qa.api.gorest.tests.GetImgurAPITest -->
