<?xml version="1.0" encoding="UTF-8"?>
<!-- Generated by org.testng.reporters.JUnitReportReporter -->
<testsuite skipped="0" hostname="DESKTOP-P8RTCON" name="com.qa.api.gorest.tests.GetImgurAPITest" tests="3" failures="0" timestamp="21 Dec 2020 16:26:08 GMT" time="10.811" errors="0">
  <testcase name="getAccountImageTest" time="2.494" classname="com.qa.api.gorest.tests.GetImgurAPITest"/>
  <testcase name="getAccountBlockStatusTest" time="2.225" classname="com.qa.api.gorest.tests.GetImgurAPITest"/>
  <testcase name="uploadImagePostAPITest" time="6.092" classname="com.qa.api.gorest.tests.GetImgurAPITest"/>
</testsuite> <!-- com.qa.api.gorest.tests.GetImgurAPITest -->
