<?xml version="1.0" encoding="UTF-8"?>
<!-- Generated by org.testng.reporters.JUnitReportReporter -->
<testsuite skipped="0" hostname="DESKTOP-P8RTCON" name="com.qa.api.gorest.tests.GetImgurAPITest2" tests="3" failures="0" timestamp="28 Dec 2020 14:00:21 GMT" time="8.785" errors="0">
  <testcase name="uploadImagePostAPITest" time="4.855" classname="com.qa.api.gorest.tests.GetImgurAPITest2"/>
  <testcase name="getAccountBlockStatusTest" time="1.900" classname="com.qa.api.gorest.tests.GetImgurAPITest2"/>
  <testcase name="getAccountImageTest" time="2.030" classname="com.qa.api.gorest.tests.GetImgurAPITest2"/>
</testsuite> <!-- com.qa.api.gorest.tests.GetImgurAPITest2 -->
