<?xml version="1.0" encoding="UTF-8"?>
<!-- Generated by org.testng.reporters.JUnitReportReporter -->
<testsuite skipped="0" hostname="DESKTOP-P8RTCON" name="com.qa.api.gorest.tests.GetImgurAPITest2" tests="3" failures="0" timestamp="21 Dec 2020 16:26:08 GMT" time="9.928" errors="0">
  <testcase name="uploadImagePostAPITest" time="5.428" classname="com.qa.api.gorest.tests.GetImgurAPITest2"/>
  <testcase name="getAccountBlockStatusTest" time="2.441" classname="com.qa.api.gorest.tests.GetImgurAPITest2"/>
  <testcase name="getAccountImageTest" time="2.059" classname="com.qa.api.gorest.tests.GetImgurAPITest2"/>
</testsuite> <!-- com.qa.api.gorest.tests.GetImgurAPITest2 -->
