<?xml version="1.0" encoding="UTF-8"?>
<!-- Generated by org.testng.reporters.JUnitReportReporter -->
<testsuite skipped="0" hostname="DESKTOP-P8RTCON" name="com.qa.api.gorest.tests.GetImgurAPITest2" tests="3" failures="0" timestamp="31 Dec 2020 12:20:18 GMT" time="11.628" errors="0">
  <testcase name="uploadImagePostAPITest" time="7.638" classname="com.qa.api.gorest.tests.GetImgurAPITest2"/>
  <testcase name="getAccountImageTest" time="2.073" classname="com.qa.api.gorest.tests.GetImgurAPITest2"/>
  <testcase name="getAccountBlockStatusTest" time="1.917" classname="com.qa.api.gorest.tests.GetImgurAPITest2"/>
</testsuite> <!-- com.qa.api.gorest.tests.GetImgurAPITest2 -->
