<?xml version="1.0" encoding="UTF-8"?>
<!-- Generated by org.testng.reporters.JUnitReportReporter -->
<testsuite skipped="0" hostname="DESKTOP-P8RTCON" name="com.qa.api.gorest.tests.DeleteUserTest" tests="1" failures="0" timestamp="15 Dec 2020 13:31:49 GMT" time="0.753" errors="0">
  <testcase name="deleteUserTest" time="0.753" classname="com.qa.api.gorest.tests.DeleteUserTest"/>
</testsuite> <!-- com.qa.api.gorest.tests.DeleteUserTest -->
