<?xml version="1.0" encoding="UTF-8"?>
<!-- Generated by org.testng.reporters.JUnitReportReporter -->
<testsuite skipped="0" hostname="DESKTOP-P8RTCON" name="com.qa.api.gorest.tests.UpdateUserTest" tests="1" failures="0" timestamp="28 Dec 2020 14:00:21 GMT" time="1.610" errors="0">
  <testcase name="updateUserAPIPOSTTest_withSetter" time="1.610" classname="com.qa.api.gorest.tests.UpdateUserTest"/>
</testsuite> <!-- com.qa.api.gorest.tests.UpdateUserTest -->
