<?xml version="1.0" encoding="UTF-8"?>
<!-- Generated by org.testng.reporters.JUnitReportReporter -->
<testsuite skipped="0" hostname="DESKTOP-P8RTCON" name="com.qa.api.gorest.tests.DeleteUserTest" tests="1" failures="0" timestamp="31 Dec 2020 12:20:18 GMT" time="0.751" errors="0">
  <testcase name="deleteUserTest" time="0.751" classname="com.qa.api.gorest.tests.DeleteUserTest"/>
</testsuite> <!-- com.qa.api.gorest.tests.DeleteUserTest -->
